2026-01-08 09:35:56,440 - INFO - Starting processing of list
2026-01-08 09:35:56,440 - INFO - Processing element: 1 (type: int)
2026-01-08 09:35:56,440 - INFO - Integer added to l1: 1
2026-01-08 09:35:56,441 - INFO - Processing element: helo (type: str)
2026-01-08 09:35:56,441 - INFO - String added to l2: helo
2026-01-08 09:35:56,441 - INFO - Processing element: 22 (type: int)
2026-01-08 09:35:56,441 - INFO - Integer added to l1: 22
2026-01-08 09:35:56,441 - INFO - Processing element: [2, 'harshit'] (type: list)
2026-01-08 09:35:56,441 - INFO - Element is a list. Processing sub-elements.
2026-01-08 09:35:56,442 - INFO - Sub-element: 2 (type: int)
2026-01-08 09:35:56,442 - INFO - Integer added to l1: 2
2026-01-08 09:35:56,442 - INFO - Sub-element: harshit (type: str)
2026-01-08 09:35:56,442 - INFO - Non-integer added to l2: harshit
2026-01-08 09:35:56,442 - INFO - Processing element: 11 (type: int)
2026-01-08 09:35:56,442 - INFO - Integer added to l1: 11
2026-01-08 09:35:56,442 - INFO - Processing element: 9 (type: int)
2026-01-08 09:35:56,442 - INFO - Integer added to l1: 9
2026-01-08 09:35:56,442 - INFO - Processing element: [9, 'deepak'] (type: list)
2026-01-08 09:35:56,442 - INFO - Element is a list. Processing sub-elements.
2026-01-08 09:35:56,442 - INFO - Sub-element: 9 (type: int)
2026-01-08 09:35:56,442 - INFO - Integer added to l1: 9
2026-01-08 09:35:56,442 - INFO - Sub-element: deepak (type: str)
2026-01-08 09:35:56,442 - INFO - Non-integer added to l2: deepak
2026-01-08 09:35:56,442 - INFO - Processing completed
2026-01-08 09:35:56,442 - INFO - Final integer list (l1): [1, 22, 2, 11, 9, 9]
2026-01-08 09:35:56,442 - INFO - Final string list (l2): ['helo', 'harshit', 'deepak']
2026-01-08 09:38:22,779 - INFO - Starting processing of list
2026-01-08 09:38:22,779 - INFO - Processing element: 1 (type: int)
2026-01-08 09:38:22,779 - INFO - Integer added to l1: 1
2026-01-08 09:38:22,779 - INFO - Processing element: helo (type: str)
2026-01-08 09:38:22,779 - INFO - String added to l2: helo
2026-01-08 09:38:22,779 - INFO - Processing element: 22 (type: int)
2026-01-08 09:38:22,779 - INFO - Integer added to l1: 22
2026-01-08 09:38:22,780 - INFO - Processing element: [2, 'harshit'] (type: list)
2026-01-08 09:38:22,780 - INFO - Element is a list. Processing sub-elements.
2026-01-08 09:38:22,780 - INFO - Sub-element: 2 (type: int)
2026-01-08 09:38:22,780 - INFO - Integer added to l1: 2
2026-01-08 09:38:22,780 - INFO - Sub-element: harshit (type: str)
2026-01-08 09:38:22,780 - INFO - Non-integer added to l2: harshit
2026-01-08 09:38:22,780 - INFO - Processing element: 11 (type: int)
2026-01-08 09:38:22,780 - INFO - Integer added to l1: 11
2026-01-08 09:38:22,780 - INFO - Processing element: 9 (type: int)
2026-01-08 09:38:22,780 - INFO - Integer added to l1: 9
2026-01-08 09:38:22,780 - INFO - Processing element: [9, 'deepak'] (type: list)
2026-01-08 09:38:22,780 - INFO - Element is a list. Processing sub-elements.
2026-01-08 09:38:22,780 - INFO - Sub-element: 9 (type: int)
2026-01-08 09:38:22,780 - INFO - Integer added to l1: 9
2026-01-08 09:38:22,780 - INFO - Sub-element: deepak (type: str)
2026-01-08 09:38:22,780 - INFO - Non-integer added to l2: deepak
2026-01-08 09:38:22,780 - INFO - Processing completed
2026-01-08 09:38:22,780 - INFO - Final integer list (l1): [1, 22, 2, 11, 9, 9]
2026-01-08 09:38:22,781 - INFO - Final string list (l2): ['helo', 'harshit', 'deepak']
